<?xml version="1.0" encoding="UTF-8"?>
<testsuite xmlns:xsi="http://www.w3.org/2001/XMLSchema-instance" xsi:noNamespaceSchemaLocation="https://maven.apache.org/surefire/maven-surefire-plugin/xsd/surefire-test-report.xsd" name="TestSuite" time="58.035" tests="8" errors="0" skipped="3" failures="4">
  <properties>
[...]
</properties>
  <testcase name="loginYolocast" classname="com.yolocast.qa.zsc.ApiTest.SettingTest.loginTest" time="12.218">
    <failure message="【接口可用性报警】 &#10;运行环境：test&#10;业务：yolocast-business &#10;场景：登录模块 &#10;报错类型：接口返回码非200&#10;接口：https://yolocast-test.yololiv.com/api/passport/login &#10;入参信息：{&quot;password&quot;:&quot;zsc123456&quot;,&quot;email&quot;:&quot;zhangsc@yunxi.tv&quot;}&#10;返回结果：{&quot;code&quot;:10007,&quot;data&quot;:null,&quot;success&quot;:false,&quot;requestId&quot;:&quot;4d8a962e-4d2a-4204-b1e1-302a68e0eb10&quot;,&quot;message&quot;:&quot;The email and password provided could not be authenticated&quot;,&quot;errorData&quot;:null} " type="java.lang.AssertionError">java.lang.AssertionError: 
【接口可用性报警】 
运行环境：test
业务：yolocast-business 
场景：登录模块 
报错类型：接口返回码非200
接口：https://yolocast-test.yololiv.com/api/passport/login 
入参信息：{"password":"zsc123456","email":"zhangsc@yunxi.tv"}
返回结果：{"code":10007,"data":null,"success":false,"requestId":"4d8a962e-4d2a-4204-b1e1-302a68e0eb10","message":"The email and password provided could not be authenticated","errorData":null} 
	at com.yolocast.qa.zsc.ApiTest.SettingTest.loginTest.loginYolocast(loginTest.java:49)
</failure>
    <system-out><![CDATA[{"errcode":0,"errmsg":"ok"}
{"errcode":0,"errmsg":"ok"}
]]></system-out>
  </testcase>
  <testcase name="getSourceList" classname="com.yolocast.qa.zsc.ApiTest.SourceTest.SourceTest" time="6.753">
    <failure message="【接口可用性报警】 &#10;运行环境：test&#10;业务：yolocast-business &#10;场景：source页面 &#10;报错类型：接口返回码非200&#10;接口：https://yolocast-test.yololiv.com/api/source &#10;入参信息：null&#10;返回结果：{&quot;code&quot;:99999,&quot;data&quot;:null,&quot;success&quot;:false,&quot;requestId&quot;:null,&quot;message&quot;:&quot;invalid token&quot;,&quot;errorData&quot;:null} " type="java.lang.AssertionError">java.lang.AssertionError: 
【接口可用性报警】 
运行环境：test
业务：yolocast-business 
场景：source页面 
报错类型：接口返回码非200
接口：https://yolocast-test.yololiv.com/api/source 
入参信息：null
返回结果：{"code":99999,"data":null,"success":false,"requestId":null,"message":"invalid token","errorData":null} 
	at com.yolocast.qa.zsc.ApiTest.SourceTest.SourceTest.getSourceList(SourceTest.java:80)
</failure>
    <system-out><![CDATA[执行登录获取cookie操作
{"errcode":0,"errmsg":"ok"}
]]></system-out>
  </testcase>
  <testcase name="deleteFirstSource" classname="com.yolocast.qa.zsc.ApiTest.SourceTest.SourceTest" time="0">
    <skipped message="Method SourceTest.deleteFirstSource()[pri:0, instance:com.yolocast.qa.zsc.ApiTest.SourceTest.SourceTest@7fe7c640] depends on not successfully finished methods"/>
  </testcase>
  <testcase name="updateSource" classname="com.yolocast.qa.zsc.ApiTest.SourceTest.SourceTest" time="0">
    <skipped message="Method SourceTest.updateSource()[pri:0, instance:com.yolocast.qa.zsc.ApiTest.SourceTest.SourceTest@7fe7c640] depends on not successfully finished methods in group &quot;source&quot;"/>
  </testcase>
  <testcase name="updateSourceStreamKey" classname="com.yolocast.qa.zsc.ApiTest.SourceTest.SourceTest" time="0">
    <skipped message="Method SourceTest.updateSourceStreamKey()[pri:0, instance:com.yolocast.qa.zsc.ApiTest.SourceTest.SourceTest@7fe7c640] depends on not successfully finished methods in group &quot;source&quot;"/>
  </testcase>
  <testcase name="createEvent" classname="com.yolocast.qa.zsc.ApiTest.ActivityListTest.ActivityTest" time="6.377">
    <failure message="【接口可用性报警】 &#10;运行环境：test&#10;业务：yolocast-business &#10;场景：活动列表 &#10;报错类型：接口返回码非200&#10;接口：https://yolocast-test.yololiv.com/api/activity &#10;入参信息：{&quot;startTime&quot;:1653638938399,&quot;endTime&quot;:1653640738399,&quot;title&quot;:&quot;Create by2022-05-27 15:59:41&quot;}&#10;返回结果：{&quot;code&quot;:99999,&quot;data&quot;:null,&quot;success&quot;:false,&quot;requestId&quot;:null,&quot;message&quot;:&quot;invalid token&quot;,&quot;errorData&quot;:null} " type="java.lang.AssertionError">java.lang.AssertionError: 
【接口可用性报警】 
运行环境：test
业务：yolocast-business 
场景：活动列表 
报错类型：接口返回码非200
接口：https://yolocast-test.yololiv.com/api/activity 
入参信息：{"startTime":1653638938399,"endTime":1653640738399,"title":"Create by2022-05-27 15:59:41"}
返回结果：{"code":99999,"data":null,"success":false,"requestId":null,"message":"invalid token","errorData":null} 
	at com.yolocast.qa.zsc.ApiTest.ActivityListTest.ActivityTest.createEvent(ActivityTest.java:130)
</failure>
    <system-out><![CDATA[执行登录获取cookie操作
{"errcode":0,"errmsg":"ok"}
]]></system-out>
    <system-err><![CDATA[java.io.FileNotFoundException: /Users/zhangshichao/Documents/Workspace/AutoTest/AutoTest/interface-autotest/target/src/main/resources/yolocast/createActivity.json (No such file or directory)
	at java.io.FileInputStream.open0(Native Method)
	at java.io.FileInputStream.open(FileInputStream.java:195)
	at java.io.FileInputStream.<init>(FileInputStream.java:138)
	at java.io.FileInputStream.<init>(FileInputStream.java:93)
	at com.yolocast.qa.zsc.utils.GetCaseUtil.getAllCases(GetCaseUtil.java:39)
	at com.yolocast.qa.zsc.ApiTest.ActivityListTest.ActivityTest.createEvent(ActivityTest.java:113)
	at sun.reflect.NativeMethodAccessorImpl.invoke0(Native Method)
	at sun.reflect.NativeMethodAccessorImpl.invoke(NativeMethodAccessorImpl.java:62)
	at sun.reflect.DelegatingMethodAccessorImpl.invoke(DelegatingMethodAccessorImpl.java:43)
	at java.lang.reflect.Method.invoke(Method.java:498)
	at org.testng.internal.MethodInvocationHelper.invokeMethod(MethodInvocationHelper.java:124)
	at org.testng.internal.Invoker.invokeMethod(Invoker.java:571)
	at org.testng.internal.Invoker.invokeTestMethod(Invoker.java:707)
	at org.testng.internal.Invoker.invokeTestMethods(Invoker.java:979)
	at org.testng.internal.TestMethodWorker.invokeTestMethods(TestMethodWorker.java:125)
	at org.testng.internal.TestMethodWorker.run(TestMethodWorker.java:109)
	at org.testng.TestRunner.privateRun(TestRunner.java:648)
	at org.testng.TestRunner.run(TestRunner.java:505)
	at org.testng.SuiteRunner.runTest(SuiteRunner.java:455)
	at org.testng.SuiteRunner.runSequentially(SuiteRunner.java:450)
	at org.testng.SuiteRunner.privateRun(SuiteRunner.java:415)
	at org.testng.SuiteRunner.run(SuiteRunner.java:364)
	at org.testng.SuiteRunnerWorker.runSuite(SuiteRunnerWorker.java:52)
	at org.testng.SuiteRunnerWorker.run(SuiteRunnerWorker.java:84)
	at org.testng.TestNG.runSuitesSequentially(TestNG.java:1187)
	at org.testng.TestNG.runSuitesLocally(TestNG.java:1116)
	at org.testng.TestNG.runSuites(TestNG.java:1028)
	at org.testng.TestNG.run(TestNG.java:996)
	at org.apache.maven.surefire.testng.TestNGExecutor.run(TestNGExecutor.java:283)
	at org.apache.maven.surefire.testng.TestNGXmlTestSuite.execute(TestNGXmlTestSuite.java:75)
	at org.apache.maven.surefire.testng.TestNGProvider.invoke(TestNGProvider.java:120)
	at org.apache.maven.surefire.booter.ForkedBooter.invokeProviderInSameClassLoader(ForkedBooter.java:386)
	at org.apache.maven.surefire.booter.ForkedBooter.runSuitesInProcess(ForkedBooter.java:323)
	at org.apache.maven.surefire.booter.ForkedBooter.main(ForkedBooter.java:143)
]]></system-err>
  </testcase>
  <testcase name="emptyTest" classname="com.yolocast.qa.zsc.ApiTest.ActivityListTest.ActivityTest" time="5.028"/>
  <testcase name="getScheduleEventsList" classname="com.yolocast.qa.zsc.ApiTest.ActivityListTest.ActivityTest" time="6.236">
    <failure message="【接口可用性报警】 &#10;运行环境：test&#10;业务：yolocast-business &#10;场景：活动列表 &#10;报错类型：接口返回码非200&#10;接口：https://yolocast-test.yololiv.com/api/activity &#10;入参信息：{pageNo=1, pageSize=10, status=3}&#10;返回结果：{&quot;code&quot;:99999,&quot;data&quot;:null,&quot;success&quot;:false,&quot;requestId&quot;:null,&quot;message&quot;:&quot;invalid token&quot;,&quot;errorData&quot;:null} " type="java.lang.AssertionError">java.lang.AssertionError: 
【接口可用性报警】 
运行环境：test
业务：yolocast-business 
场景：活动列表 
报错类型：接口返回码非200
接口：https://yolocast-test.yololiv.com/api/activity 
入参信息：{pageNo=1, pageSize=10, status=3}
返回结果：{"code":99999,"data":null,"success":false,"requestId":null,"message":"invalid token","errorData":null} 
	at com.yolocast.qa.zsc.ApiTest.ActivityListTest.ActivityTest.getScheduleEventsList(ActivityTest.java:73)
</failure>
    <system-out><![CDATA[{"errcode":0,"errmsg":"ok"}
]]></system-out>
  </testcase>
</testsuite>